<?xml version="1.0" encoding="UTF-8"?>
<!-- Generated by org.testng.reporters.JUnitReportReporter -->
<testsuite hostname="LAPTOP-U66FBCGM" failures="0" tests="1" name="com.e_Bank1.TestCases.TC_LoginTest_001" time="8.559" errors="0" timestamp="2023-05-11T21:52:07 IST" skipped="0">
  <testcase classname="com.e_Bank1.TestCases.TC_LoginTest_001" name="verifyLogin" time="8.559"/>
  <system-out/>
</testsuite> <!-- com.e_Bank1.TestCases.TC_LoginTest_001 -->
